  [1m[36m (4.8ms)[0m  [1mCREATE TABLE "schema_migrations" ("version" character varying(255) NOT NULL) [0m
  [1m[35m (1.7ms)[0m  CREATE UNIQUE INDEX  "unique_schema_migrations" ON "schema_migrations"  ("version")
  [1m[36mActiveRecord::SchemaMigration Load (0.4ms)[0m  [1mSELECT "schema_migrations".* FROM "schema_migrations"[0m
  [1m[36mSQL (1.1ms)[0m  [1mCREATE EXTENSION IF NOT EXISTS "plpgsql"[0m
  [1m[35m (0.5ms)[0m  SELECT version FROM "schema_migrations"
  [1m[36m (1.3ms)[0m  [1mINSERT INTO "schema_migrations" (version) VALUES ('0')[0m
  [1m[35mActiveRecord::SchemaMigration Load (0.2ms)[0m  SELECT "schema_migrations".* FROM "schema_migrations"


Started GET "/" for 127.0.0.1 at 2014-05-08 19:36:21 -0700
Processing by Rails::WelcomeController#index as HTML
  Rendered /Users/onimac/.rvm/gems/ruby-2.1.1/gems/railties-4.1.1/lib/rails/templates/rails/welcome/index.html.erb (2.3ms)
Completed 200 OK in 22ms (Views: 10.4ms | ActiveRecord: 0.0ms)
  [1m[36mActiveRecord::SchemaMigration Load (4.6ms)[0m  [1mSELECT "schema_migrations".* FROM "schema_migrations"[0m
Migrating to DeviseCreateUsers (20140509024848)
  [1m[35m (0.9ms)[0m  BEGIN
  [1m[36m (33.1ms)[0m  [1mCREATE TABLE "users" ("id" serial primary key, "email" character varying(255) DEFAULT '' NOT NULL, "encrypted_password" character varying(255) DEFAULT '' NOT NULL, "reset_password_token" character varying(255), "reset_password_sent_at" timestamp, "remember_created_at" timestamp, "sign_in_count" integer DEFAULT 0 NOT NULL, "current_sign_in_at" timestamp, "last_sign_in_at" timestamp, "current_sign_in_ip" character varying(255), "last_sign_in_ip" character varying(255), "created_at" timestamp, "updated_at" timestamp) [0m
  [1m[35m (1.5ms)[0m  CREATE UNIQUE INDEX  "index_users_on_email" ON "users"  ("email")
  [1m[36m (0.9ms)[0m  [1mCREATE UNIQUE INDEX  "index_users_on_reset_password_token" ON "users"  ("reset_password_token")[0m
  [1m[35mSQL (0.4ms)[0m  INSERT INTO "schema_migrations" ("version") VALUES ($1)  [["version", "20140509024848"]]
  [1m[36m (0.8ms)[0m  [1mCOMMIT[0m
  [1m[35mActiveRecord::SchemaMigration Load (0.2ms)[0m  SELECT "schema_migrations".* FROM "schema_migrations"


Started GET "/" for 127.0.0.1 at 2014-05-08 19:55:24 -0700
  [1m[36mActiveRecord::SchemaMigration Load (3.5ms)[0m  [1mSELECT "schema_migrations".* FROM "schema_migrations"[0m

ActionController::RoutingError (uninitialized constant HomeController):
  activesupport (4.1.1) lib/active_support/inflector/methods.rb:238:in `const_get'
  activesupport (4.1.1) lib/active_support/inflector/methods.rb:238:in `block in constantize'
  activesupport (4.1.1) lib/active_support/inflector/methods.rb:236:in `each'
  activesupport (4.1.1) lib/active_support/inflector/methods.rb:236:in `inject'
  activesupport (4.1.1) lib/active_support/inflector/methods.rb:236:in `constantize'
  actionpack (4.1.1) lib/action_dispatch/routing/route_set.rb:76:in `controller_reference'
  actionpack (4.1.1) lib/action_dispatch/routing/route_set.rb:66:in `controller'
  actionpack (4.1.1) lib/action_dispatch/routing/route_set.rb:44:in `call'
  actionpack (4.1.1) lib/action_dispatch/journey/router.rb:71:in `block in call'
  actionpack (4.1.1) lib/action_dispatch/journey/router.rb:59:in `each'
  actionpack (4.1.1) lib/action_dispatch/journey/router.rb:59:in `call'
  actionpack (4.1.1) lib/action_dispatch/routing/route_set.rb:676:in `call'
  warden (1.2.3) lib/warden/manager.rb:35:in `block in call'
  warden (1.2.3) lib/warden/manager.rb:34:in `catch'
  warden (1.2.3) lib/warden/manager.rb:34:in `call'
  rack (1.5.2) lib/rack/etag.rb:23:in `call'
  rack (1.5.2) lib/rack/conditionalget.rb:25:in `call'
  rack (1.5.2) lib/rack/head.rb:11:in `call'
  actionpack (4.1.1) lib/action_dispatch/middleware/params_parser.rb:27:in `call'
  actionpack (4.1.1) lib/action_dispatch/middleware/flash.rb:254:in `call'
  rack (1.5.2) lib/rack/session/abstract/id.rb:225:in `context'
  rack (1.5.2) lib/rack/session/abstract/id.rb:220:in `call'
  actionpack (4.1.1) lib/action_dispatch/middleware/cookies.rb:560:in `call'
  activerecord (4.1.1) lib/active_record/query_cache.rb:36:in `call'
  activerecord (4.1.1) lib/active_record/connection_adapters/abstract/connection_pool.rb:621:in `call'
  activerecord (4.1.1) lib/active_record/migration.rb:380:in `call'
  actionpack (4.1.1) lib/action_dispatch/middleware/callbacks.rb:29:in `block in call'
  activesupport (4.1.1) lib/active_support/callbacks.rb:82:in `run_callbacks'
  actionpack (4.1.1) lib/action_dispatch/middleware/callbacks.rb:27:in `call'
  actionpack (4.1.1) lib/action_dispatch/middleware/reloader.rb:73:in `call'
  actionpack (4.1.1) lib/action_dispatch/middleware/remote_ip.rb:76:in `call'
  actionpack (4.1.1) lib/action_dispatch/middleware/debug_exceptions.rb:17:in `call'
  actionpack (4.1.1) lib/action_dispatch/middleware/show_exceptions.rb:30:in `call'
  railties (4.1.1) lib/rails/rack/logger.rb:38:in `call_app'
  railties (4.1.1) lib/rails/rack/logger.rb:20:in `block in call'
  activesupport (4.1.1) lib/active_support/tagged_logging.rb:68:in `block in tagged'
  activesupport (4.1.1) lib/active_support/tagged_logging.rb:26:in `tagged'
  activesupport (4.1.1) lib/active_support/tagged_logging.rb:68:in `tagged'
  railties (4.1.1) lib/rails/rack/logger.rb:20:in `call'
  actionpack (4.1.1) lib/action_dispatch/middleware/request_id.rb:21:in `call'
  rack (1.5.2) lib/rack/methodoverride.rb:21:in `call'
  rack (1.5.2) lib/rack/runtime.rb:17:in `call'
  activesupport (4.1.1) lib/active_support/cache/strategy/local_cache_middleware.rb:26:in `call'
  rack (1.5.2) lib/rack/lock.rb:17:in `call'
  actionpack (4.1.1) lib/action_dispatch/middleware/static.rb:64:in `call'
  rack (1.5.2) lib/rack/sendfile.rb:112:in `call'
  railties (4.1.1) lib/rails/engine.rb:514:in `call'
  railties (4.1.1) lib/rails/application.rb:144:in `call'
  rack (1.5.2) lib/rack/lock.rb:17:in `call'
  rack (1.5.2) lib/rack/content_length.rb:14:in `call'
  rack (1.5.2) lib/rack/handler/webrick.rb:60:in `service'
  /Users/onimac/.rvm/rubies/ruby-2.1.1/lib/ruby/2.1.0/webrick/httpserver.rb:138:in `service'
  /Users/onimac/.rvm/rubies/ruby-2.1.1/lib/ruby/2.1.0/webrick/httpserver.rb:94:in `run'
  /Users/onimac/.rvm/rubies/ruby-2.1.1/lib/ruby/2.1.0/webrick/server.rb:295:in `block in start_thread'


  Rendered /Users/onimac/.rvm/gems/ruby-2.1.1/gems/actionpack-4.1.1/lib/action_dispatch/middleware/templates/rescues/_trace.html.erb (1.5ms)
  Rendered /Users/onimac/.rvm/gems/ruby-2.1.1/gems/actionpack-4.1.1/lib/action_dispatch/middleware/templates/routes/_route.html.erb (2.2ms)
  Rendered /Users/onimac/.rvm/gems/ruby-2.1.1/gems/actionpack-4.1.1/lib/action_dispatch/middleware/templates/routes/_table.html.erb (12.2ms)
  Rendered /Users/onimac/.rvm/gems/ruby-2.1.1/gems/actionpack-4.1.1/lib/action_dispatch/middleware/templates/rescues/routing_error.html.erb within rescues/layout (50.8ms)


Started GET "/" for 127.0.0.1 at 2014-05-08 20:11:38 -0700
Processing by HomeController#index as HTML
  Rendered home/index.html.erb within layouts/application (0.8ms)
Completed 200 OK in 950ms (Views: 936.2ms | ActiveRecord: 0.0ms)


Started GET "/assets/application.css?body=1" for 127.0.0.1 at 2014-05-08 20:11:39 -0700


Started GET "/assets/turbolinks.js?body=1" for 127.0.0.1 at 2014-05-08 20:11:39 -0700


Started GET "/assets/jquery.js?body=1" for 127.0.0.1 at 2014-05-08 20:11:39 -0700


Started GET "/assets/application.js?body=1" for 127.0.0.1 at 2014-05-08 20:11:39 -0700


Started GET "/assets/jquery_ujs.js?body=1" for 127.0.0.1 at 2014-05-08 20:11:40 -0700


Started GET "/" for 127.0.0.1 at 2014-05-08 20:13:56 -0700
Processing by HomeController#index as HTML
Completed 401 Unauthorized in 17ms


Started GET "/users/sign_in" for 127.0.0.1 at 2014-05-08 20:13:56 -0700
Processing by Devise::SessionsController#new as HTML
  Rendered /Users/onimac/.rvm/gems/ruby-2.1.1/gems/devise-3.2.4/app/views/devise/shared/_links.erb (1.9ms)
  Rendered /Users/onimac/.rvm/gems/ruby-2.1.1/gems/devise-3.2.4/app/views/devise/sessions/new.html.erb within layouts/application (21.2ms)
Completed 200 OK in 71ms (Views: 27.5ms | ActiveRecord: 25.8ms)


Started GET "/assets/jquery.js?body=1" for 127.0.0.1 at 2014-05-08 20:13:57 -0700


Started GET "/assets/application.css?body=1" for 127.0.0.1 at 2014-05-08 20:13:57 -0700


Started GET "/assets/turbolinks.js?body=1" for 127.0.0.1 at 2014-05-08 20:13:57 -0700


Started GET "/assets/application.js?body=1" for 127.0.0.1 at 2014-05-08 20:13:57 -0700


Started GET "/assets/jquery_ujs.js?body=1" for 127.0.0.1 at 2014-05-08 20:13:57 -0700


Started GET "/users/sign_up" for 127.0.0.1 at 2014-05-08 20:14:02 -0700
Processing by Devise::RegistrationsController#new as HTML
  Rendered /Users/onimac/.rvm/gems/ruby-2.1.1/gems/devise-3.2.4/app/views/devise/shared/_links.erb (0.7ms)
  Rendered /Users/onimac/.rvm/gems/ruby-2.1.1/gems/devise-3.2.4/app/views/devise/registrations/new.html.erb within layouts/application (10.5ms)
Completed 200 OK in 32ms (Views: 20.9ms | ActiveRecord: 0.0ms)


Started POST "/users" for 127.0.0.1 at 2014-05-08 20:14:11 -0700
Processing by Devise::RegistrationsController#create as HTML
  Parameters: {"utf8"=>"✓", "authenticity_token"=>"CA9s8s4viZkw4fTn4pcjbONOVIii9aF7MusE9CrhVdw=", "user"=>{"email"=>"mschartman@gmail.com", "password"=>"[FILTERED]", "password_confirmation"=>"[FILTERED]"}, "commit"=>"Sign up"}
  [1m[35m (2.5ms)[0m  BEGIN
  [1m[36mUser Exists (12.4ms)[0m  [1mSELECT  1 AS one FROM "users"  WHERE "users"."email" = 'mschartman@gmail.com' LIMIT 1[0m
  [1m[35mSQL (6.0ms)[0m  INSERT INTO "users" ("created_at", "email", "encrypted_password", "updated_at") VALUES ($1, $2, $3, $4) RETURNING "id"  [["created_at", "2014-05-09 03:14:11.295080"], ["email", "mschartman@gmail.com"], ["encrypted_password", "$2a$10$p/cwUmfuW2BOWl2IMgSbpelyf8XtnHCSpCvQ82ZHRDeGtSqQH2B4m"], ["updated_at", "2014-05-09 03:14:11.295080"]]
  [1m[36m (1.6ms)[0m  [1mCOMMIT[0m
  [1m[35m (0.1ms)[0m  BEGIN
  [1m[36mSQL (0.4ms)[0m  [1mUPDATE "users" SET "current_sign_in_at" = $1, "current_sign_in_ip" = $2, "last_sign_in_at" = $3, "last_sign_in_ip" = $4, "sign_in_count" = $5, "updated_at" = $6 WHERE "users"."id" = 1[0m  [["current_sign_in_at", "2014-05-09 03:14:11.311038"], ["current_sign_in_ip", "127.0.0.1"], ["last_sign_in_at", "2014-05-09 03:14:11.311038"], ["last_sign_in_ip", "127.0.0.1"], ["sign_in_count", 1], ["updated_at", "2014-05-09 03:14:11.312358"]]
  [1m[35m (0.5ms)[0m  COMMIT
Redirected to http://localhost:3000/
Completed 302 Found in 171ms (ActiveRecord: 24.5ms)


Started GET "/" for 127.0.0.1 at 2014-05-08 20:14:11 -0700
Processing by HomeController#index as HTML
  [1m[36mUser Load (2.8ms)[0m  [1mSELECT  "users".* FROM "users"  WHERE "users"."id" = 1  ORDER BY "users"."id" ASC LIMIT 1[0m
  Rendered home/index.html.erb within layouts/application (0.1ms)
Completed 200 OK in 15ms (Views: 4.7ms | ActiveRecord: 2.8ms)


Started GET "/assets/jquery_ujs.js?body=1" for 127.0.0.1 at 2014-05-08 20:14:11 -0700


Started GET "/assets/turbolinks.js?body=1" for 127.0.0.1 at 2014-05-08 20:14:11 -0700


Started GET "/assets/jquery.js?body=1" for 127.0.0.1 at 2014-05-08 20:14:11 -0700


Started GET "/assets/application.js?body=1" for 127.0.0.1 at 2014-05-08 20:14:11 -0700


Started GET "/assets/application.css?body=1" for 127.0.0.1 at 2014-05-08 20:14:11 -0700


Started GET "/" for 127.0.0.1 at 2014-05-08 20:14:18 -0700
Processing by HomeController#index as HTML
  [1m[35mUser Load (0.5ms)[0m  SELECT  "users".* FROM "users"  WHERE "users"."id" = 1  ORDER BY "users"."id" ASC LIMIT 1
  Rendered home/index.html.erb within layouts/application (0.1ms)
Completed 200 OK in 7ms (Views: 4.8ms | ActiveRecord: 0.5ms)


Started GET "/assets/jquery_ujs.js?body=1" for 127.0.0.1 at 2014-05-08 20:14:18 -0700


Started GET "/assets/jquery.js?body=1" for 127.0.0.1 at 2014-05-08 20:14:18 -0700


Started GET "/assets/application.js?body=1" for 127.0.0.1 at 2014-05-08 20:14:18 -0700


Started GET "/assets/turbolinks.js?body=1" for 127.0.0.1 at 2014-05-08 20:14:18 -0700


Started GET "/assets/application.css?body=1" for 127.0.0.1 at 2014-05-08 20:14:18 -0700


Started GET "/" for 127.0.0.1 at 2014-05-08 20:14:48 -0700
Processing by HomeController#index as HTML
  [1m[36mUser Load (0.5ms)[0m  [1mSELECT  "users".* FROM "users"  WHERE "users"."id" = 1  ORDER BY "users"."id" ASC LIMIT 1[0m
  Rendered home/index.html.erb within layouts/application (1.1ms)
Completed 200 OK in 9ms (Views: 6.6ms | ActiveRecord: 0.5ms)


Started GET "/assets/jquery.js?body=1" for 127.0.0.1 at 2014-05-08 20:14:48 -0700


Started GET "/assets/application.css?body=1" for 127.0.0.1 at 2014-05-08 20:14:48 -0700


Started GET "/assets/jquery_ujs.js?body=1" for 127.0.0.1 at 2014-05-08 20:14:48 -0700


Started GET "/assets/turbolinks.js?body=1" for 127.0.0.1 at 2014-05-08 20:14:48 -0700


Started GET "/assets/application.js?body=1" for 127.0.0.1 at 2014-05-08 20:14:48 -0700


Started GET "/" for 127.0.0.1 at 2014-05-08 20:17:50 -0700
Processing by HomeController#index as HTML
  [1m[35mUser Load (0.5ms)[0m  SELECT  "users".* FROM "users"  WHERE "users"."id" = 1  ORDER BY "users"."id" ASC LIMIT 1
  Rendered home/index.html.erb within layouts/application (0.1ms)
Completed 200 OK in 13ms (Views: 10.6ms | ActiveRecord: 0.5ms)


Started GET "/assets/jquery.js?body=1" for 127.0.0.1 at 2014-05-08 20:17:50 -0700


Started GET "/assets/application.css?body=1" for 127.0.0.1 at 2014-05-08 20:17:50 -0700


Started GET "/assets/jquery_ujs.js?body=1" for 127.0.0.1 at 2014-05-08 20:17:50 -0700


Started GET "/assets/application.js?body=1" for 127.0.0.1 at 2014-05-08 20:17:50 -0700


Started GET "/assets/turbolinks.js?body=1" for 127.0.0.1 at 2014-05-08 20:17:50 -0700


Started GET "/" for 127.0.0.1 at 2014-05-08 20:23:25 -0700
Processing by HomeController#index as HTML
  [1m[36mUser Load (0.5ms)[0m  [1mSELECT  "users".* FROM "users"  WHERE "users"."id" = 1  ORDER BY "users"."id" ASC LIMIT 1[0m
  Rendered home/index.html.erb within layouts/application (0.1ms)
Completed 200 OK in 9ms (Views: 6.1ms | ActiveRecord: 0.5ms)


Started GET "/assets/jquery_ujs.js?body=1" for 127.0.0.1 at 2014-05-08 20:23:25 -0700


Started GET "/assets/jquery.js?body=1" for 127.0.0.1 at 2014-05-08 20:23:25 -0700


Started GET "/assets/application.js?body=1" for 127.0.0.1 at 2014-05-08 20:23:25 -0700


Started GET "/assets/turbolinks.js?body=1" for 127.0.0.1 at 2014-05-08 20:23:25 -0700


Started GET "/assets/application.css?body=1" for 127.0.0.1 at 2014-05-08 20:23:25 -0700
  [1m[36mActiveRecord::SchemaMigration Load (2.5ms)[0m  [1mSELECT "schema_migrations".* FROM "schema_migrations"[0m
Migrating to AddConceptUserConceptAttemptModifyUser (20140509034628)
  [1m[35m (1.1ms)[0m  BEGIN
  [1m[36m (9.5ms)[0m  [1mALTER TABLE "users" ADD COLUMN "name" character varying(255)[0m
  [1m[35m (0.4ms)[0m  ALTER TABLE "users" ADD COLUMN "constant_a" decimal
  [1m[36m (0.3ms)[0m  [1mALTER TABLE "users" ADD COLUMN "constant_b" decimal[0m
  [1m[35m (25.2ms)[0m  CREATE TABLE "concepts" ("id" serial primary key, "question" character varying(255), "answer" character varying(255)) 
  [1m[36m (3.6ms)[0m  [1mCREATE TABLE "user_concepts" ("id" serial primary key) [0m
  [1m[35m (2.3ms)[0m  CREATE TABLE "attempts" ("id" serial primary key, "created_at" timestamp, "updated_at" timestamp, "answer" character varying(255)) 
  [1m[36mSQL (1.6ms)[0m  [1mINSERT INTO "schema_migrations" ("version") VALUES ($1)[0m  [["version", "20140509034628"]]
  [1m[35m (1.0ms)[0m  COMMIT
  [1m[36mActiveRecord::SchemaMigration Load (0.2ms)[0m  [1mSELECT "schema_migrations".* FROM "schema_migrations"[0m
